Feb-13 14:50:39.155 [main] DEBUG nextflow.cli.Launcher - $> nextflow run run_pipeline.nf
Feb-13 14:50:39.235 [main] INFO  nextflow.cli.CmdRun - N E X T F L O W  ~  version 25.10.4
Feb-13 14:50:39.260 [main] DEBUG nextflow.plugin.PluginsFacade - Setting up plugin manager > mode=prod; embedded=false; plugins-dir=/home/adiezsanchez/.nextflow/plugins; core-plugins: nf-amazon@3.4.4,nf-azure@1.20.2,nf-cloudcache@0.5.0,nf-codecommit@0.5.0,nf-console@1.3.0,nf-google@1.23.5,nf-k8s@1.2.2,nf-tower@1.17.5,nf-wave@1.16.1
Feb-13 14:50:39.289 [main] INFO  o.pf4j.DefaultPluginStatusProvider - Enabled plugins: []
Feb-13 14:50:39.290 [main] INFO  o.pf4j.DefaultPluginStatusProvider - Disabled plugins: []
Feb-13 14:50:39.293 [main] INFO  org.pf4j.DefaultPluginManager - PF4J version 3.12.0 in 'deployment' mode
Feb-13 14:50:39.310 [main] DEBUG nextflow.util.RetryConfig - Missing nextflow session - using default retry config
Feb-13 14:50:39.440 [main] INFO  org.pf4j.AbstractPluginManager - No plugins
Feb-13 14:50:39.474 [main] DEBUG nextflow.config.ConfigBuilder - Found config local: /home/adiezsanchez/github_repos/shreyag_ibd_orgs/nextflow.config
Feb-13 14:50:39.477 [main] DEBUG nextflow.config.ConfigBuilder - Parsing config file: /home/adiezsanchez/github_repos/shreyag_ibd_orgs/nextflow.config
Feb-13 14:50:39.497 [main] DEBUG nextflow.config.ConfigBuilder - Applying config profile: `standard`
Feb-13 14:50:40.037 [main] DEBUG nextflow.plugin.PluginsFacade - Plugins default=[]
Feb-13 14:50:40.037 [main] DEBUG nextflow.plugin.PluginsFacade - Plugins resolved requirement=[]
Feb-13 14:50:40.056 [main] DEBUG n.secret.LocalSecretsProvider - Secrets store: /home/adiezsanchez/.nextflow/secrets/store.json
Feb-13 14:50:40.059 [main] DEBUG nextflow.secret.SecretsLoader - Discovered secrets providers: [nextflow.secret.LocalSecretsProvider@4098dd77] - activable => nextflow.secret.LocalSecretsProvider@4098dd77
Feb-13 14:50:40.071 [main] DEBUG nextflow.cli.CmdRun - Applied DSL=2 from script declaration
Feb-13 14:50:40.087 [main] INFO  nextflow.cli.CmdRun - Launching `run_pipeline.nf` [stupefied_volhard] DSL2 - revision: 06e9f142ae
Feb-13 14:50:40.137 [main] DEBUG nextflow.Session - Session UUID: c2ca2582-11f9-4b68-8d99-88cdcac9f8b5
Feb-13 14:50:40.138 [main] DEBUG nextflow.Session - Run name: stupefied_volhard
Feb-13 14:50:40.139 [main] DEBUG nextflow.Session - Executor pool size: 22
Feb-13 14:50:40.147 [main] DEBUG nextflow.file.FilePorter - File porter settings maxRetries=3; maxTransfers=50; pollTimeout=null
Feb-13 14:50:40.153 [main] DEBUG nextflow.util.ThreadPoolBuilder - Creating thread pool 'FileTransfer' minSize=10; maxSize=66; workQueue=LinkedBlockingQueue[-1]; allowCoreThreadTimeout=false
Feb-13 14:50:40.174 [main] DEBUG nextflow.cli.CmdRun - 
  Version: 25.10.4 build 11173
  Created: 10-02-2026 15:17 UTC (16:17 CEST)
  System: Linux 6.17.0-14-generic
  Runtime: Groovy 4.0.28 on OpenJDK 64-Bit Server VM 17.0.10+7
  Encoding: UTF-8 (UTF-8)
  Process: 37207@adiezsanchez-ROG-Zephyrus-G16-GU605MY-GU605MY [127.0.1.1]
  CPUs: 22 - Mem: 30.8 GB (17.4 GB) - Swap: 29.8 GB (29.8 GB)
Feb-13 14:50:40.202 [main] DEBUG nextflow.Session - Work-dir: /home/adiezsanchez/github_repos/shreyag_ibd_orgs/work [ext2/ext3]
Feb-13 14:50:40.203 [main] DEBUG nextflow.Session - Script base path does not exist or is not a directory: /home/adiezsanchez/github_repos/shreyag_ibd_orgs/bin
Feb-13 14:50:40.210 [main] DEBUG nextflow.executor.ExecutorFactory - Extension executors providers=[]
Feb-13 14:50:40.219 [main] DEBUG nextflow.Session - Observer factory (v2): LinObserverFactory
Feb-13 14:50:40.221 [main] DEBUG nextflow.Session - Observer factory (v2): DefaultObserverFactory
Feb-13 14:50:40.267 [main] DEBUG nextflow.cache.CacheFactory - Using Nextflow cache factory: nextflow.cache.DefaultCacheFactory
Feb-13 14:50:40.283 [main] DEBUG nextflow.util.CustomThreadPool - Creating default thread pool > poolSize: 23; maxThreads: 1000
Feb-13 14:50:40.336 [main] DEBUG nextflow.Session - Session start
Feb-13 14:50:40.669 [main] DEBUG nextflow.script.ScriptRunner - > Launching execution
Feb-13 14:50:40.822 [main] DEBUG nextflow.executor.ExecutorFactory - << taskConfig executor: null
Feb-13 14:50:40.823 [main] DEBUG nextflow.executor.ExecutorFactory - >> processorType: 'local'
Feb-13 14:50:40.833 [main] DEBUG nextflow.executor.Executor - [warm up] executor > local
Feb-13 14:50:40.840 [main] DEBUG n.processor.LocalPollingMonitor - Creating local task monitor for executor 'local' > cpus=22; memory=30.8 GB; capacity=22; pollInterval=100ms; dumpInterval=5m
Feb-13 14:50:40.842 [main] DEBUG n.processor.TaskPollingMonitor - >>> barrier register (monitor: local)
Feb-13 14:50:40.870 [main] DEBUG nextflow.processor.TaskProcessor - Creating process 'linkOpenCL': maxForks=0; fair=false; array=0
Feb-13 14:50:40.936 [main] DEBUG nextflow.executor.ExecutorFactory - << taskConfig executor: null
Feb-13 14:50:40.937 [main] DEBUG nextflow.executor.ExecutorFactory - >> processorType: 'local'
Feb-13 14:50:40.938 [main] DEBUG nextflow.processor.TaskProcessor - Creating process 'testGpu': maxForks=0; fair=false; array=0
Feb-13 14:50:40.993 [main] DEBUG n.script.dsl.ProcessConfigBuilder - Config settings `withName:runPipeline` matches process runPipeline
Feb-13 14:50:40.997 [main] DEBUG nextflow.executor.ExecutorFactory - << taskConfig executor: null
Feb-13 14:50:40.997 [main] DEBUG nextflow.executor.ExecutorFactory - >> processorType: 'local'
Feb-13 14:50:41.001 [main] DEBUG nextflow.processor.TaskProcessor - Creating process 'runPipeline': maxForks=1; fair=false; array=0
Feb-13 14:50:41.007 [main] DEBUG nextflow.Session - Workflow process names [dsl2]: runPipeline, linkOpenCL, testGpu
Feb-13 14:50:41.012 [main] DEBUG nextflow.Session - Igniting dataflow network (4)
Feb-13 14:50:41.023 [PathVisitor-1] DEBUG nextflow.file.PathVisitor - files for syntax: glob; folder: /home/adiezsanchez/github_repos/shreyag_ibd_orgs/images/; pattern: *.nd2; options: [checkIfExists:true]
Feb-13 14:50:41.025 [main] DEBUG nextflow.processor.TaskProcessor - Starting process > linkOpenCL
Feb-13 14:50:41.026 [main] DEBUG nextflow.processor.TaskProcessor - Starting process > testGpu
Feb-13 14:50:41.026 [main] DEBUG nextflow.processor.TaskProcessor - Starting process > runPipeline
Feb-13 14:50:41.027 [main] DEBUG nextflow.script.ScriptRunner - Parsed script files:
  Script_3364fcb1c62b1beb: /home/adiezsanchez/github_repos/shreyag_ibd_orgs/run_pipeline.nf
Feb-13 14:50:41.027 [main] DEBUG nextflow.script.ScriptRunner - > Awaiting termination 
Feb-13 14:50:41.027 [main] DEBUG nextflow.Session - Session await
Feb-13 14:50:41.030 [PathVisitor-1] DEBUG nextflow.file.PathVisitor - No such file or directory: /home/adiezsanchez/github_repos/shreyag_ibd_orgs/images/ -- Skipping visit
Feb-13 14:50:41.034 [PathVisitor-1] ERROR nextflow.Channel - No files match pattern `*.nd2` at path: /home/adiezsanchez/github_repos/shreyag_ibd_orgs/images/
java.lang.IllegalArgumentException: No files match pattern `*.nd2` at path: /home/adiezsanchez/github_repos/shreyag_ibd_orgs/images/
	at nextflow.file.PathVisitor.pathImpl(PathVisitor.groovy:173)
	at nextflow.file.PathVisitor.applyGlobPattern0(PathVisitor.groovy:131)
	at nextflow.file.PathVisitor.apply(PathVisitor.groovy:69)
	at nextflow.file.PathVisitor$_applyAsync_closure1.doCall(PathVisitor.groovy:78)
	at nextflow.file.PathVisitor$_applyAsync_closure1.call(PathVisitor.groovy)
	at groovy.lang.Closure.run(Closure.java:505)
	at java.base/java.util.concurrent.CompletableFuture$UniRun.tryFire(CompletableFuture.java:787)
	at java.base/java.util.concurrent.CompletableFuture$Completion.run(CompletableFuture.java:482)
	at java.base/java.util.concurrent.ThreadPoolExecutor.runWorker(ThreadPoolExecutor.java:1136)
	at java.base/java.util.concurrent.ThreadPoolExecutor$Worker.run(ThreadPoolExecutor.java:635)
	at java.base/java.lang.Thread.run(Thread.java:840)
Feb-13 14:50:41.043 [PathVisitor-1] DEBUG nextflow.Session - Session aborted -- Cause: No files match pattern `*.nd2` at path: /home/adiezsanchez/github_repos/shreyag_ibd_orgs/images/
Feb-13 14:50:41.059 [Task monitor] DEBUG n.processor.TaskPollingMonitor - <<< barrier arrives (monitor: local) - terminating tasks monitor poll loop
Feb-13 14:50:41.067 [PathVisitor-1] DEBUG nextflow.Session - The following nodes are still active:
[process] linkOpenCL
  status=ACTIVE
  port 0: (cntrl) -     ; channel: $

[process] testGpu
  status=ACTIVE
  port 0: (value) OPEN  ; channel: opencl_ready
  port 1: (cntrl) -     ; channel: $

[process] runPipeline
  status=ACTIVE
  port 0: (queue) OPEN  ; channel: -
  port 1: (cntrl) -     ; channel: $

Feb-13 14:50:41.085 [PathVisitor-1] DEBUG n.trace.WorkflowStatsObserver - Workflow completed > WorkflowStats[succeededCount=0; failedCount=0; ignoredCount=0; cachedCount=0; pendingCount=0; submittedCount=0; runningCount=0; retriesCount=0; abortedCount=0; succeedDuration=0ms; failedDuration=0ms; cachedDuration=0ms;loadCpus=0; loadMemory=0; peakRunning=0; peakCpus=0; peakMemory=0; ]
Feb-13 14:50:41.092 [main] DEBUG nextflow.Session - Session await > all processes finished
Feb-13 14:50:41.092 [main] DEBUG nextflow.Session - Session await > all barriers passed
Feb-13 14:50:41.093 [main] DEBUG n.trace.WorkflowStatsObserver - Workflow completed > WorkflowStats[succeededCount=0; failedCount=0; ignoredCount=0; cachedCount=0; pendingCount=0; submittedCount=0; runningCount=0; retriesCount=0; abortedCount=0; succeedDuration=0ms; failedDuration=0ms; cachedDuration=0ms;loadCpus=0; loadMemory=0; peakRunning=0; peakCpus=0; peakMemory=0; ]
Feb-13 14:50:41.097 [Actor Thread 3] DEBUG nextflow.processor.TaskProcessor - Handling unexpected condition for
  task: name=linkOpenCL; work-dir=null
  error [java.lang.InterruptedException]: java.lang.InterruptedException
Feb-13 14:50:41.102 [main] DEBUG nextflow.cache.CacheDB - Closing CacheDB done
Feb-13 14:50:41.120 [Actor Thread 7] WARN  nextflow.processor.TaskProcessor - [linkOpenCL] Unable to resume cached task -- See log file for details
java.lang.NullPointerException: Cannot invoke "org.iq80.leveldb.impl.Version.retain()" because "this.version" is null
	at org.iq80.leveldb.impl.SnapshotImpl.<init>(SnapshotImpl.java:35)
	at org.iq80.leveldb.impl.DbImpl.getSnapshot(DbImpl.java:805)
	at org.iq80.leveldb.impl.DbImpl.get(DbImpl.java:588)
	at org.iq80.leveldb.impl.DbImpl.get(DbImpl.java:577)
	at nextflow.cache.DefaultCacheStore.getEntry(DefaultCacheStore.groovy:177)
	at nextflow.cache.CacheDB.getTaskEntry(CacheDB.groovy:82)
	at nextflow.processor.TaskProcessor.checkCachedOrLaunchTask(TaskProcessor.groovy:823)
	at org.codehaus.groovy.vmplugin.v8.IndyInterface.fromCache(IndyInterface.java:321)
	at nextflow.processor.TaskProcessor.invokeTask(TaskProcessor.groovy:688)
	at nextflow.processor.InvokeTaskAdapter.call(InvokeTaskAdapter.groovy:52)
	at groovyx.gpars.dataflow.operator.DataflowOperatorActor.startTask(DataflowOperatorActor.java:120)
	at groovyx.gpars.dataflow.operator.ForkingDataflowOperatorActor.access$001(ForkingDataflowOperatorActor.java:35)
	at groovyx.gpars.dataflow.operator.ForkingDataflowOperatorActor$1.run(ForkingDataflowOperatorActor.java:58)
	at java.base/java.util.concurrent.ThreadPoolExecutor.runWorker(ThreadPoolExecutor.java:1136)
	at java.base/java.util.concurrent.ThreadPoolExecutor$Worker.run(ThreadPoolExecutor.java:635)
	at java.base/java.lang.Thread.run(Thread.java:840)
Feb-13 14:50:41.131 [main] DEBUG nextflow.script.ScriptRunner - > Execution complete -- Goodbye
